0 info it worked if it ends with ok
1 verbose cli [ '/home/ubuntu/.nvm/versions/node/v5.4.1/bin/node',
1 verbose cli   '/home/ubuntu/.nvm/versions/node/v5.4.1/bin/npm',
1 verbose cli   'install',
1 verbose cli   'es6-shim' ]
2 info using npm@3.3.12
3 info using node@v5.4.1
4 silly loadCurrentTree Starting
5 silly install loadCurrentTree
6 silly install readLocalPackageData
7 silly fetchPackageMetaData es6-shim
8 silly fetchNamedPackageData es6-shim
9 silly mapToRegistry name es6-shim
10 silly mapToRegistry using default registry
11 silly mapToRegistry registry https://registry.npmjs.org/
12 silly mapToRegistry uri https://registry.npmjs.org/es6-shim
13 verbose request uri https://registry.npmjs.org/es6-shim
14 verbose request no auth needed
15 info attempt registry request try #1 at 10:26:39 PM
16 verbose request id 40db8982cb523c92
17 verbose etag "AKJDLGCVV81M0BL3DB0T4JQ5G"
18 http request GET https://registry.npmjs.org/es6-shim
19 http 304 https://registry.npmjs.org/es6-shim
20 verbose headers { date: 'Thu, 21 Jan 2016 22:26:39 GMT',
20 verbose headers   via: '1.1 varnish',
20 verbose headers   'cache-control': 'max-age=300',
20 verbose headers   etag: '"AKJDLGCVV81M0BL3DB0T4JQ5G"',
20 verbose headers   age: '0',
20 verbose headers   connection: 'keep-alive',
20 verbose headers   'x-served-by': 'cache-lhr6335-LHR',
20 verbose headers   'x-cache': 'HIT',
20 verbose headers   'x-cache-hits': '1',
20 verbose headers   'x-timer': 'S1453415199.563386,VS0,VE349',
20 verbose headers   vary: 'Accept' }
21 silly get cb [ 304,
21 silly get   { date: 'Thu, 21 Jan 2016 22:26:39 GMT',
21 silly get     via: '1.1 varnish',
21 silly get     'cache-control': 'max-age=300',
21 silly get     etag: '"AKJDLGCVV81M0BL3DB0T4JQ5G"',
21 silly get     age: '0',
21 silly get     connection: 'keep-alive',
21 silly get     'x-served-by': 'cache-lhr6335-LHR',
21 silly get     'x-cache': 'HIT',
21 silly get     'x-cache-hits': '1',
21 silly get     'x-timer': 'S1453415199.563386,VS0,VE349',
21 silly get     vary: 'Accept' } ]
22 verbose etag https://registry.npmjs.org/es6-shim from cache
23 verbose get saving es6-shim to /home/ubuntu/.npm/registry.npmjs.org/es6-shim/.cache.json
24 silly install normalizeTree
25 silly loadCurrentTree Finishing
26 silly loadIdealTree Starting
27 silly install loadIdealTree
28 silly cloneCurrentTree Starting
29 silly install cloneCurrentTreeToIdealTree
30 silly cloneCurrentTree Finishing
31 silly loadShrinkwrap Starting
32 silly install loadShrinkwrap
33 silly loadShrinkwrap Finishing
34 silly loadAllDepsIntoIdealTree Starting
35 silly install loadAllDepsIntoIdealTree
36 silly resolveWithNewModule es6-shim@0.34.1 checking installable status
37 silly cache add args [ 'es6-shim', null ]
38 verbose cache add spec es6-shim
39 silly cache add parsed spec Result {
39 silly cache add   raw: 'es6-shim',
39 silly cache add   scope: null,
39 silly cache add   name: 'es6-shim',
39 silly cache add   rawSpec: '',
39 silly cache add   spec: '*',
39 silly cache add   type: 'range' }
40 silly addNamed es6-shim@*
41 verbose addNamed "*" is a valid semver range for es6-shim
42 silly addNameRange { name: 'es6-shim', range: '*', hasData: false }
43 silly mapToRegistry name es6-shim
44 silly mapToRegistry using default registry
45 silly mapToRegistry registry https://registry.npmjs.org/
46 silly mapToRegistry uri https://registry.npmjs.org/es6-shim
47 verbose addNameRange registry:https://registry.npmjs.org/es6-shim not in flight; fetching
48 verbose get https://registry.npmjs.org/es6-shim not expired, no request
49 silly addNameRange number 2 { name: 'es6-shim', range: '*', hasData: true }
50 silly addNameRange versions [ 'es6-shim',
50 silly addNameRange   [ '0.1.0',
50 silly addNameRange     '0.2.0',
50 silly addNameRange     '0.2.1',
50 silly addNameRange     '0.3.0',
50 silly addNameRange     '0.3.1',
50 silly addNameRange     '0.4.0',
50 silly addNameRange     '0.4.1',
50 silly addNameRange     '0.5.0',
50 silly addNameRange     '0.5.1',
50 silly addNameRange     '0.5.2',
50 silly addNameRange     '0.5.3',
50 silly addNameRange     '0.6.0',
50 silly addNameRange     '0.7.0',
50 silly addNameRange     '0.8.0',
50 silly addNameRange     '0.9.0',
50 silly addNameRange     '0.9.1',
50 silly addNameRange     '0.9.2',
50 silly addNameRange     '0.9.3',
50 silly addNameRange     '0.10.0',
50 silly addNameRange     '0.10.1',
50 silly addNameRange     '0.11.0',
50 silly addNameRange     '0.11.1',
50 silly addNameRange     '0.12.0',
50 silly addNameRange     '0.13.0',
50 silly addNameRange     '0.14.0',
50 silly addNameRange     '0.15.0',
50 silly addNameRange     '0.15.1',
50 silly addNameRange     '0.16.0',
50 silly addNameRange     '0.17.0',
50 silly addNameRange     '0.18.0',
50 silly addNameRange     '0.19.0',
50 silly addNameRange     '0.19.1',
50 silly addNameRange     '0.19.2',
50 silly addNameRange     '0.20.0',
50 silly addNameRange     '0.20.1',
50 silly addNameRange     '0.20.2',
50 silly addNameRange     '0.20.3',
50 silly addNameRange     '0.20.4',
50 silly addNameRange     '0.21.0',
50 silly addNameRange     '0.21.1',
50 silly addNameRange     '0.22.0',
50 silly addNameRange     '0.22.1',
50 silly addNameRange     '0.22.2',
50 silly addNameRange     '0.23.0',
50 silly addNameRange     '0.24.0',
50 silly addNameRange     '0.25.0',
50 silly addNameRange     '0.25.1',
50 silly addNameRange     '0.25.2',
50 silly addNameRange     '0.25.3',
50 silly addNameRange     '0.26.0',
50 silly addNameRange     '0.26.1',
50 silly addNameRange     '0.27.1',
50 silly addNameRange     '0.28.1',
50 silly addNameRange     '0.29.0',
50 silly addNameRange     '0.30.0',
50 silly addNameRange     '0.31.0',
50 silly addNameRange     '0.31.1',
50 silly addNameRange     '0.31.2',
50 silly addNameRange     '0.31.3',
50 silly addNameRange     '0.32.0',
50 silly addNameRange     '0.32.1',
50 silly addNameRange     '0.32.2',
50 silly addNameRange     '0.33.0',
50 silly addNameRange     '0.33.1',
50 silly addNameRange     '0.33.2',
50 silly addNameRange     '0.33.3',
50 silly addNameRange     '0.33.4',
50 silly addNameRange     '0.33.5',
50 silly addNameRange     '0.33.6',
50 silly addNameRange     '0.33.7',
50 silly addNameRange     '0.33.8',
50 silly addNameRange     '0.33.9',
50 silly addNameRange     '0.33.10',
50 silly addNameRange     '0.33.11',
50 silly addNameRange     '0.33.12',
50 silly addNameRange     '0.33.13',
50 silly addNameRange     '0.34.0',
50 silly addNameRange     '0.34.1' ] ]
51 silly addNamed es6-shim@0.34.1
52 verbose addNamed "0.34.1" is a plain semver version for es6-shim
53 silly cache afterAdd es6-shim@0.34.1
54 verbose afterAdd /home/ubuntu/.npm/es6-shim/0.34.1/package/package.json not in flight; writing
55 verbose afterAdd /home/ubuntu/.npm/es6-shim/0.34.1/package/package.json written
56 verbose stack Error: Unsupported URL Type: npm:typescript@^1.6.2
56 verbose stack     at parseUrl (/home/ubuntu/.nvm/versions/node/v5.4.1/lib/node_modules/npm/node_modules/npm-package-arg/npa.js:168:13)
56 verbose stack     at npa (/home/ubuntu/.nvm/versions/node/v5.4.1/lib/node_modules/npm/node_modules/npm-package-arg/npa.js:75:12)
56 verbose stack     at isDevDep (/home/ubuntu/.nvm/versions/node/v5.4.1/lib/node_modules/npm/lib/install/deps.js:52:10)
56 verbose stack     at isDep (/home/ubuntu/.nvm/versions/node/v5.4.1/lib/node_modules/npm/lib/install/deps.js:43:15)
56 verbose stack     at addRequiredDep (/home/ubuntu/.nvm/versions/node/v5.4.1/lib/node_modules/npm/lib/install/deps.js:128:8)
56 verbose stack     at resolveWithExistingModule (/home/ubuntu/.nvm/versions/node/v5.4.1/lib/node_modules/npm/lib/install/deps.js:394:3)
56 verbose stack     at /home/ubuntu/.nvm/versions/node/v5.4.1/lib/node_modules/npm/lib/install/deps.js:368:5
56 verbose stack     at /home/ubuntu/.nvm/versions/node/v5.4.1/lib/node_modules/npm/node_modules/slide/lib/async-map.js:52:35
56 verbose stack     at Array.forEach (native)
56 verbose stack     at /home/ubuntu/.nvm/versions/node/v5.4.1/lib/node_modules/npm/node_modules/slide/lib/async-map.js:52:11
57 verbose cwd /home/ubuntu/workspace/projects/kissjs
58 error Linux 4.2.0-c9
59 error argv "/home/ubuntu/.nvm/versions/node/v5.4.1/bin/node" "/home/ubuntu/.nvm/versions/node/v5.4.1/bin/npm" "install" "es6-shim"
60 error node v5.4.1
61 error npm  v3.3.12
62 error Unsupported URL Type: npm:typescript@^1.6.2
63 error If you need help, you may report this error at:
63 error     <https://github.com/npm/npm/issues>
64 verbose exit [ 1, true ]
